<?xml version="1.0" encoding="UTF-8"?>
<!-- Generated by org.testng.reporters.JUnitReportReporter -->
<testsuite hostname="Jitender" name="pkg1.Class_A" tests="1" failures="0" timestamp="21 Oct 2018 15:06:40 GMT" time="0.009" errors="0">
  <testcase name="tc" time="0.009" classname="pkg1.Class_A"/>
</testsuite> <!-- pkg1.Class_A -->
